<?xml version="1.0" encoding="UTF-8"?>
<!-- Generated by org.testng.reporters.JUnitXMLReporter -->
<testsuite ignored="0" hostname="LAPTOP-2D0MJJ4C" failures="0" tests="5" name="Test" time="13277.575" errors="0" timestamp="2023-08-07T21:54:50 IST">
  <testcase classname="com.playwrite.base.TestBase" name="@BeforeTest initializeTest" time="13277.47">
    <failure type="com.microsoft.playwright.PlaywrightException" message="Error {
  message=&amp;apos;Browser closed.
  name=&amp;apos;Error
  stack=&amp;apos;Error: Browser closed.
    at C:\Users\soura\AppData\Local\Temp\playwright-java-13829137511873856187\package\lib\server\chromium\crConnection.js:169:16
    at new Promise (&amp;lt;anonymous&amp;gt;)
    at CRSession.send (C:\Users\soura\AppData\Local\Temp\playwright-java-13829137511873856187\package\lib\server\chromium\crConnection.js:165:12)
    at FrameSession._initialize (C:\Users\soura\AppData\Local\Temp\playwright-java-13829137511873856187\package\lib\server\chromium\crPage.js:491:32)
    at async CRBrowserContext.newPage (C:\Users\soura\AppData\Local\Temp\playwright-java-13829137511873856187\package\lib\server\browserContext.js:359:25)
    at async BrowserContextDispatcher.newPage (C:\Users\soura\AppData\Local\Temp\playwright-java-13829137511873856187\package\lib\server\dispatchers\browserContextDispatcher.js:199:55)
    at async DispatcherConnection.dispatch (C:\Users\soura\AppData\Local\Temp\playwright-java-13829137511873856187\package\lib\server\dispatchers\dispatcher.js:312:22)
}">
      <![CDATA[com.microsoft.playwright.PlaywrightException: Error {
  message='Browser closed.
  name='Error
  stack='Error: Browser closed.
    at C:\Users\soura\AppData\Local\Temp\playwright-java-13829137511873856187\package\lib\server\chromium\crConnection.js:169:16
    at new Promise (<anonymous>)
    at CRSession.send (C:\Users\soura\AppData\Local\Temp\playwright-java-13829137511873856187\package\lib\server\chromium\crConnection.js:165:12)
    at FrameSession._initialize (C:\Users\soura\AppData\Local\Temp\playwright-java-13829137511873856187\package\lib\server\chromium\crPage.js:491:32)
    at async CRBrowserContext.newPage (C:\Users\soura\AppData\Local\Temp\playwright-java-13829137511873856187\package\lib\server\browserContext.js:359:25)
    at async BrowserContextDispatcher.newPage (C:\Users\soura\AppData\Local\Temp\playwright-java-13829137511873856187\package\lib\server\dispatchers\browserContextDispatcher.js:199:55)
    at async DispatcherConnection.dispatch (C:\Users\soura\AppData\Local\Temp\playwright-java-13829137511873856187\package\lib\server\dispatchers\dispatcher.js:312:22)
}
at com.microsoft.playwright.impl.WaitableResult.get(WaitableResult.java:54)
at com.microsoft.playwright.impl.ChannelOwner.runUntil(ChannelOwner.java:111)
at com.microsoft.playwright.impl.Connection.sendMessage(Connection.java:126)
at com.microsoft.playwright.impl.ChannelOwner.sendMessage(ChannelOwner.java:102)
at com.microsoft.playwright.impl.ChannelOwner.sendMessage(ChannelOwner.java:98)
at com.microsoft.playwright.impl.BrowserContextImpl.newPageImpl(BrowserContextImpl.java:375)
at com.microsoft.playwright.impl.BrowserContextImpl.lambda$newPage$13(BrowserContextImpl.java:368)
at com.microsoft.playwright.impl.LoggingSupport.withLogging(LoggingSupport.java:47)
at com.microsoft.playwright.impl.ChannelOwner.withLogging(ChannelOwner.java:87)
at com.microsoft.playwright.impl.BrowserContextImpl.newPage(BrowserContextImpl.java:368)
at com.microsoft.playwright.impl.BrowserContextImpl.newPage(BrowserContextImpl.java:44)
at com.playwrite.base.TestBase.selectBrowser(TestBase.java:68)
at com.playwrite.base.TestBase.setupUrl(TestBase.java:93)
at com.playwrite.base.TestBase.initializeTest(TestBase.java:123)
Caused by: com.microsoft.playwright.impl.DriverException: Error {
  message='Browser closed.
  name='Error
  stack='Error: Browser closed.
    at C:\Users\soura\AppData\Local\Temp\playwright-java-13829137511873856187\package\lib\server\chromium\crConnection.js:169:16
    at new Promise (<anonymous>)
    at CRSession.send (C:\Users\soura\AppData\Local\Temp\playwright-java-13829137511873856187\package\lib\server\chromium\crConnection.js:165:12)
    at FrameSession._initialize (C:\Users\soura\AppData\Local\Temp\playwright-java-13829137511873856187\package\lib\server\chromium\crPage.js:491:32)
    at async CRBrowserContext.newPage (C:\Users\soura\AppData\Local\Temp\playwright-java-13829137511873856187\package\lib\server\browserContext.js:359:25)
    at async BrowserContextDispatcher.newPage (C:\Users\soura\AppData\Local\Temp\playwright-java-13829137511873856187\package\lib\server\dispatchers\browserContextDispatcher.js:199:55)
    at async DispatcherConnection.dispatch (C:\Users\soura\AppData\Local\Temp\playwright-java-13829137511873856187\package\lib\server\dispatchers\dispatcher.js:312:22)
}
at com.microsoft.playwright.impl.Connection.dispatch(Connection.java:226)
at com.microsoft.playwright.impl.Connection.processOneMessage(Connection.java:206)
at com.microsoft.playwright.impl.ChannelOwner.runUntil(ChannelOwner.java:109)
... 36 more
... Removed 24 stack frames]]>
    </failure>
  </testcase> <!-- @BeforeTest initializeTest -->
  <testcase classname="com.playwrite.base.TestBase" name="@AfterTest tearDown" time="0.0">
    <skipped/>
  </testcase> <!-- @AfterTest tearDown -->
  <testcase classname="com.playwrite.opencart.HomePageTest" name="TC_003" time="0.0">
    <skipped/>
  </testcase> <!-- TC_003 -->
  <testcase classname="com.playwrite.opencart.HomePageTest" name="TC_004" time="0.0">
    <skipped/>
  </testcase> <!-- TC_004 -->
  <testcase classname="com.playwrite.opencart.HomePageTest" name="TC_005" time="0.0">
    <skipped/>
  </testcase> <!-- TC_005 -->
  <testcase classname="com.playwrite.opencart.HomePageTest" name="TC_005" time="0.0">
    <skipped/>
  </testcase> <!-- TC_005 -->
  <testcase classname="com.playwrite.opencart.HomePageTest" name="TC_005" time="0.0">
    <skipped/>
  </testcase> <!-- TC_005 -->
</testsuite> <!-- Test -->
